  glad.c
  SetupOpenGL.cpp
C:\Users\danie\OneDrive\Desktop\wetransfer_setupopengl-copia_2024-02-12_0011\SetupOpenGL - Cópia\SetupOpenGL\SetupOpenGL.cpp(37,106): warning C4244: 'argument': conversion from 'float' to 'int', possible loss of data
C:\Users\danie\OneDrive\Desktop\wetransfer_setupopengl-copia_2024-02-12_0011\SetupOpenGL - Cópia\SetupOpenGL\SetupOpenGL.cpp(37,93): warning C4244: 'argument': conversion from 'float' to 'int', possible loss of data
C:\Users\danie\OneDrive\Desktop\wetransfer_setupopengl-copia_2024-02-12_0011\SetupOpenGL - Cópia\SetupOpenGL\SetupOpenGL.cpp(90,12): warning C4101: 'windowEvent': unreferenced local variable
  stb_image.cpp
stb_image.obj : warning LNK4006: stbi_is_16_bit_from_callbacks already defined in SetupOpenGL.obj; second definition ignored
stb_image.obj : warning LNK4006: stbi_is_16_bit_from_memory already defined in SetupOpenGL.obj; second definition ignored
stb_image.obj : warning LNK4006: stbi_info_from_callbacks already defined in SetupOpenGL.obj; second definition ignored
stb_image.obj : warning LNK4006: stbi_info_from_memory already defined in SetupOpenGL.obj; second definition ignored
stb_image.obj : warning LNK4006: stbi_is_16_bit_from_file already defined in SetupOpenGL.obj; second definition ignored
stb_image.obj : warning LNK4006: stbi_is_16_bit already defined in SetupOpenGL.obj; second definition ignored
stb_image.obj : warning LNK4006: stbi_info_from_file already defined in SetupOpenGL.obj; second definition ignored
stb_image.obj : warning LNK4006: stbi_info already defined in SetupOpenGL.obj; second definition ignored
stb_image.obj : warning LNK4006: stbi_convert_iphone_png_to_rgb_thread already defined in SetupOpenGL.obj; second definition ignored
stb_image.obj : warning LNK4006: stbi_set_unpremultiply_on_load_thread already defined in SetupOpenGL.obj; second definition ignored
stb_image.obj : warning LNK4006: stbi_convert_iphone_png_to_rgb already defined in SetupOpenGL.obj; second definition ignored
stb_image.obj : warning LNK4006: stbi_set_unpremultiply_on_load already defined in SetupOpenGL.obj; second definition ignored
stb_image.obj : warning LNK4006: stbi_zlib_decode_noheader_buffer already defined in SetupOpenGL.obj; second definition ignored
stb_image.obj : warning LNK4006: stbi_zlib_decode_noheader_malloc already defined in SetupOpenGL.obj; second definition ignored
stb_image.obj : warning LNK4006: stbi_zlib_decode_buffer already defined in SetupOpenGL.obj; second definition ignored
stb_image.obj : warning LNK4006: stbi_zlib_decode_malloc_guesssize_headerflag already defined in SetupOpenGL.obj; second definition ignored
stb_image.obj : warning LNK4006: stbi_zlib_decode_malloc already defined in SetupOpenGL.obj; second definition ignored
stb_image.obj : warning LNK4006: stbi_zlib_decode_malloc_guesssize already defined in SetupOpenGL.obj; second definition ignored
stb_image.obj : warning LNK4006: stbi_hdr_to_ldr_scale already defined in SetupOpenGL.obj; second definition ignored
stb_image.obj : warning LNK4006: stbi_hdr_to_ldr_gamma already defined in SetupOpenGL.obj; second definition ignored
stb_image.obj : warning LNK4006: stbi_ldr_to_hdr_scale already defined in SetupOpenGL.obj; second definition ignored
stb_image.obj : warning LNK4006: stbi_ldr_to_hdr_gamma already defined in SetupOpenGL.obj; second definition ignored
stb_image.obj : warning LNK4006: stbi_is_hdr_from_callbacks already defined in SetupOpenGL.obj; second definition ignored
stb_image.obj : warning LNK4006: stbi_is_hdr_from_file already defined in SetupOpenGL.obj; second definition ignored
stb_image.obj : warning LNK4006: stbi_is_hdr already defined in SetupOpenGL.obj; second definition ignored
stb_image.obj : warning LNK4006: stbi_is_hdr_from_memory already defined in SetupOpenGL.obj; second definition ignored
stb_image.obj : warning LNK4006: stbi_loadf_from_file already defined in SetupOpenGL.obj; second definition ignored
stb_image.obj : warning LNK4006: stbi_loadf already defined in SetupOpenGL.obj; second definition ignored
stb_image.obj : warning LNK4006: stbi_loadf_from_callbacks already defined in SetupOpenGL.obj; second definition ignored
stb_image.obj : warning LNK4006: stbi_loadf_from_memory already defined in SetupOpenGL.obj; second definition ignored
stb_image.obj : warning LNK4006: stbi_load_gif_from_memory already defined in SetupOpenGL.obj; second definition ignored
stb_image.obj : warning LNK4006: stbi_load_from_callbacks already defined in SetupOpenGL.obj; second definition ignored
stb_image.obj : warning LNK4006: stbi_load_from_memory already defined in SetupOpenGL.obj; second definition ignored
stb_image.obj : warning LNK4006: stbi_load_16_from_callbacks already defined in SetupOpenGL.obj; second definition ignored
stb_image.obj : warning LNK4006: stbi_load_16_from_memory already defined in SetupOpenGL.obj; second definition ignored
stb_image.obj : warning LNK4006: stbi_load_16 already defined in SetupOpenGL.obj; second definition ignored
stb_image.obj : warning LNK4006: stbi_load_from_file_16 already defined in SetupOpenGL.obj; second definition ignored
stb_image.obj : warning LNK4006: stbi_load_from_file already defined in SetupOpenGL.obj; second definition ignored
stb_image.obj : warning LNK4006: stbi_load already defined in SetupOpenGL.obj; second definition ignored
stb_image.obj : warning LNK4006: stbi_set_flip_vertically_on_load_thread already defined in SetupOpenGL.obj; second definition ignored
stb_image.obj : warning LNK4006: stbi_set_flip_vertically_on_load already defined in SetupOpenGL.obj; second definition ignored
stb_image.obj : warning LNK4006: stbi_image_free already defined in SetupOpenGL.obj; second definition ignored
stb_image.obj : warning LNK4006: stbi_failure_reason already defined in SetupOpenGL.obj; second definition ignored
C:\Users\danie\OneDrive\Desktop\wetransfer_setupopengl-copia_2024-02-12_0011\SetupOpenGL - Cópia\x64\Release\SetupOpenGL.exe : warning LNK4088: image being generated due to /FORCE option; image may not run
  Generating code
  Previous IPDB was built with incompatible compiler, fall back to full compilation.
  All 693 functions were compiled because no usable IPDB/IOBJ from previous compilation was found.
  Finished generating code
  SetupOpenGL.vcxproj -> C:\Users\danie\OneDrive\Desktop\wetransfer_setupopengl-copia_2024-02-12_0011\SetupOpenGL - Cópia\x64\Release\SetupOpenGL.exe
